[2021-11-08 18:18:17Z INFO HostContext] No proxy settings were found based on environmental variables (http_proxy/https_proxy/HTTP_PROXY/HTTPS_PROXY)
[2021-11-08 18:18:17Z INFO HostContext] Well known directory 'Bin': 'D:\Pavonis\Github-Actions-Test\bin'
[2021-11-08 18:18:17Z INFO HostContext] Well known directory 'Root': 'D:\Pavonis\Github-Actions-Test'
[2021-11-08 18:18:17Z INFO HostContext] Well known config file 'Credentials': 'D:\Pavonis\Github-Actions-Test\.credentials'
[2021-11-08 18:18:17Z INFO Listener] Runner is built for Windows (X64) - win-x64.
[2021-11-08 18:18:17Z INFO Listener] RuntimeInformation: Microsoft Windows 10.0.19043.
[2021-11-08 18:18:17Z INFO Listener] Version: 2.284.0
[2021-11-08 18:18:17Z INFO Listener] Commit: 9027c154d05776c16f6df6c0345bc9ec20440ebe
[2021-11-08 18:18:17Z INFO Listener] Culture: en-CA
[2021-11-08 18:18:17Z INFO Listener] UI Culture: en-US
[2021-11-08 18:18:17Z INFO HostContext] Well known directory 'Bin': 'D:\Pavonis\Github-Actions-Test\bin'
[2021-11-08 18:18:17Z INFO HostContext] Well known directory 'Root': 'D:\Pavonis\Github-Actions-Test'
[2021-11-08 18:18:17Z INFO Listener] Validating directory permissions for: 'D:\Pavonis\Github-Actions-Test'
[2021-11-08 18:18:17Z INFO CommandLineParser] Parse
[2021-11-08 18:18:17Z INFO CommandLineParser] Parsing 5 args
[2021-11-08 18:18:17Z INFO CommandLineParser] parsing argument
[2021-11-08 18:18:17Z INFO CommandLineParser] HasArgs: False
[2021-11-08 18:18:17Z INFO CommandLineParser] Adding Command: configure
[2021-11-08 18:18:17Z INFO CommandLineParser] parsing argument
[2021-11-08 18:18:17Z INFO CommandLineParser] HasArgs: True
[2021-11-08 18:18:17Z INFO CommandLineParser] arg: url
[2021-11-08 18:18:17Z INFO CommandLineParser] parsing argument
[2021-11-08 18:18:17Z INFO CommandLineParser] HasArgs: True
[2021-11-08 18:18:17Z INFO CommandLineParser] Adding option 'url': 'https://github.com/tpryde/Github-Actions-Test'
[2021-11-08 18:18:17Z INFO CommandLineParser] parsing argument
[2021-11-08 18:18:17Z INFO CommandLineParser] HasArgs: True
[2021-11-08 18:18:17Z INFO CommandLineParser] arg: token
[2021-11-08 18:18:17Z INFO CommandLineParser] parsing argument
[2021-11-08 18:18:17Z INFO CommandLineParser] HasArgs: True
[2021-11-08 18:18:17Z INFO CommandLineParser] Adding option 'token': '***'
[2021-11-08 18:18:17Z INFO Listener] Arguments parsed
[2021-11-08 18:18:17Z INFO Runner] ExecuteCommand
[2021-11-08 18:18:17Z INFO ConfigurationStore] currentAssemblyLocation: D:\Pavonis\Github-Actions-Test\bin\Runner.Listener.dll
[2021-11-08 18:18:17Z INFO HostContext] Well known directory 'Bin': 'D:\Pavonis\Github-Actions-Test\bin'
[2021-11-08 18:18:17Z INFO ConfigurationStore] binPath: D:\Pavonis\Github-Actions-Test\bin
[2021-11-08 18:18:17Z INFO HostContext] Well known directory 'Bin': 'D:\Pavonis\Github-Actions-Test\bin'
[2021-11-08 18:18:17Z INFO HostContext] Well known directory 'Root': 'D:\Pavonis\Github-Actions-Test'
[2021-11-08 18:18:17Z INFO ConfigurationStore] RootFolder: D:\Pavonis\Github-Actions-Test
[2021-11-08 18:18:17Z INFO HostContext] Well known directory 'Bin': 'D:\Pavonis\Github-Actions-Test\bin'
[2021-11-08 18:18:17Z INFO HostContext] Well known directory 'Root': 'D:\Pavonis\Github-Actions-Test'
[2021-11-08 18:18:17Z INFO HostContext] Well known config file 'Runner': 'D:\Pavonis\Github-Actions-Test\.runner'
[2021-11-08 18:18:17Z INFO ConfigurationStore] ConfigFilePath: D:\Pavonis\Github-Actions-Test\.runner
[2021-11-08 18:18:17Z INFO HostContext] Well known directory 'Bin': 'D:\Pavonis\Github-Actions-Test\bin'
[2021-11-08 18:18:17Z INFO HostContext] Well known directory 'Root': 'D:\Pavonis\Github-Actions-Test'
[2021-11-08 18:18:17Z INFO HostContext] Well known config file 'Credentials': 'D:\Pavonis\Github-Actions-Test\.credentials'
[2021-11-08 18:18:17Z INFO ConfigurationStore] CredFilePath: D:\Pavonis\Github-Actions-Test\.credentials
[2021-11-08 18:18:17Z INFO HostContext] Well known directory 'Bin': 'D:\Pavonis\Github-Actions-Test\bin'
[2021-11-08 18:18:17Z INFO HostContext] Well known directory 'Root': 'D:\Pavonis\Github-Actions-Test'
[2021-11-08 18:18:17Z INFO HostContext] Well known config file 'MigratedCredentials': 'D:\Pavonis\Github-Actions-Test\.credentials_migrated'
[2021-11-08 18:18:17Z INFO ConfigurationStore] MigratedCredFilePath: D:\Pavonis\Github-Actions-Test\.credentials_migrated
[2021-11-08 18:18:17Z INFO HostContext] Well known directory 'Bin': 'D:\Pavonis\Github-Actions-Test\bin'
[2021-11-08 18:18:17Z INFO HostContext] Well known directory 'Root': 'D:\Pavonis\Github-Actions-Test'
[2021-11-08 18:18:17Z INFO HostContext] Well known config file 'Service': 'D:\Pavonis\Github-Actions-Test\.service'
[2021-11-08 18:18:17Z INFO ConfigurationStore] ServiceConfigFilePath: D:\Pavonis\Github-Actions-Test\.service
[2021-11-08 18:18:17Z INFO CommandSettings] Flag 'help': 'False'
[2021-11-08 18:18:17Z INFO CommandSettings] Flag 'version': 'False'
[2021-11-08 18:18:17Z INFO CommandSettings] Flag 'commit': 'False'
[2021-11-08 18:18:17Z INFO CommandSettings] Flag 'check': 'False'
[2021-11-08 18:18:17Z INFO CommandSettings] Command 'configure': 'True'
[2021-11-08 18:18:17Z INFO Terminal] WRITE LINE: 
[2021-11-08 18:18:17Z INFO Terminal] WRITE LINE: --------------------------------------------------------------------------------
[2021-11-08 18:18:17Z INFO Terminal] WRITE LINE: |        ____ _ _   _   _       _          _        _   _                      |
[2021-11-08 18:18:17Z INFO Terminal] WRITE LINE: |       / ___(_) |_| | | |_   _| |__      / \   ___| |_(_) ___  _ __  ___      |
[2021-11-08 18:18:17Z INFO Terminal] WRITE LINE: |      | |  _| | __| |_| | | | | '_ \    / _ \ / __| __| |/ _ \| '_ \/ __|     |
[2021-11-08 18:18:17Z INFO Terminal] WRITE LINE: |      | |_| | | |_|  _  | |_| | |_) |  / ___ \ (__| |_| | (_) | | | \__ \     |
[2021-11-08 18:18:17Z INFO Terminal] WRITE LINE: |       \____|_|\__|_| |_|\__,_|_.__/  /_/   \_\___|\__|_|\___/|_| |_|___/     |
[2021-11-08 18:18:17Z INFO Terminal] WRITE LINE: |                                                                              |
[2021-11-08 18:18:17Z INFO Terminal] WRITE: |                       
[2021-11-08 18:18:17Z INFO Terminal] WRITE: Self-hosted runner registration
[2021-11-08 18:18:17Z INFO Terminal] WRITE LINE:                         |
[2021-11-08 18:18:17Z INFO Terminal] WRITE LINE: |                                                                              |
[2021-11-08 18:18:17Z INFO Terminal] WRITE LINE: --------------------------------------------------------------------------------
[2021-11-08 18:18:17Z INFO ConfigurationManager] ConfigureAsync
[2021-11-08 18:18:17Z INFO ConfigurationStore] IsConfigured()
[2021-11-08 18:18:17Z INFO ConfigurationStore] IsConfigured: False
[2021-11-08 18:18:17Z INFO ConfigurationManager] Is configured: False
[2021-11-08 18:18:17Z INFO CommandSettings] Arg 'url': 'https://github.com/tpryde/Github-Actions-Test'
[2021-11-08 18:18:17Z INFO CommandSettings] Remove url from Arg dictionary.
[2021-11-08 18:18:17Z INFO CommandSettings] Arg 'token': '***'
[2021-11-08 18:18:17Z INFO CommandSettings] Remove token from Arg dictionary.
[2021-11-08 18:18:18Z INFO ConfigurationManager] Http response code: OK from 'POST https://api.github.com/actions/runner-registration'
[2021-11-08 18:18:18Z INFO ConfigurationManager] cred retrieved via GitHub auth
[2021-11-08 18:18:18Z INFO RunnerServer] Establish connection with 100 seconds timeout.
[2021-11-08 18:18:18Z INFO GitHubActionsService] Starting operation Location.GetConnectionData
[2021-11-08 18:18:18Z INFO RunnerServer] Establish connection with 60 seconds timeout.
[2021-11-08 18:18:18Z INFO GitHubActionsService] Starting operation Location.GetConnectionData
[2021-11-08 18:18:18Z INFO RunnerServer] Establish connection with 60 seconds timeout.
[2021-11-08 18:18:18Z INFO GitHubActionsService] Starting operation Location.GetConnectionData
[2021-11-08 18:18:18Z INFO GitHubActionsService] Finished operation Location.GetConnectionData
[2021-11-08 18:18:18Z INFO GitHubActionsService] Finished operation Location.GetConnectionData
[2021-11-08 18:18:18Z INFO GitHubActionsService] Finished operation Location.GetConnectionData
[2021-11-08 18:18:18Z INFO Terminal] WRITE LINE: 
[2021-11-08 18:18:18Z INFO ConfigurationManager] Test Connection complete.
[2021-11-08 18:18:18Z INFO HostContext] Well known directory 'Bin': 'D:\Pavonis\Github-Actions-Test\bin'
[2021-11-08 18:18:18Z INFO HostContext] Well known directory 'Root': 'D:\Pavonis\Github-Actions-Test'
[2021-11-08 18:18:18Z INFO HostContext] Well known config file 'RSACredentials': 'D:\Pavonis\Github-Actions-Test\.credentials_rsaparams'
[2021-11-08 18:18:18Z INFO RSAEncryptedFileKeyManager] Creating new RSA key using 2048-bit key length
[2021-11-08 18:18:18Z INFO RSAEncryptedFileKeyManager] Successfully saved RSA key parameters to file D:\Pavonis\Github-Actions-Test\.credentials_rsaparams
[2021-11-08 18:18:18Z INFO CommandSettings] Arg 'runnergroup': ''
[2021-11-08 18:18:18Z INFO CommandSettings] Flag 'unattended': 'False'
[2021-11-08 18:18:18Z INFO PromptManager] ReadValue
[2021-11-08 18:18:18Z INFO Terminal] WRITE: Enter the name of the runner group to add this runner to: 
[2021-11-08 18:18:18Z INFO Terminal] WRITE: [press Enter for Default] 
[2021-11-08 18:18:18Z INFO Terminal] READ LINE
[2021-11-08 18:18:32Z INFO Terminal] Read value: './run.cmd'
[2021-11-08 18:18:32Z INFO Terminal] WRITE LINE: 
[2021-11-08 18:18:32Z ERR  Runner] GitHub.DistributedTask.WebApi.TaskAgentPoolNotFoundException: Could not find any self-hosted runner group named "./run.cmd".
   at GitHub.Runner.Listener.Configuration.ConfigurationManager.ConfigureAsync(CommandSettings command)
   at GitHub.Runner.Listener.Runner.ExecuteCommand(CommandSettings command)
[2021-11-08 18:18:32Z ERR  Terminal] WRITE ERROR: Could not find any self-hosted runner group named "./run.cmd".
[2021-11-08 18:18:32Z INFO Listener] Runner execution has finished with return code 1
